[debug] ----------------------------------------------------------------------
[debug] Command:      C:\Program Files\nodejs\node.exe C:\Users\김지현\AppData\Roaming\npm\node_modules\firebase-tools\bin\firebase serve
[debug] CLI Version:  3.8.0
[debug] Platform:     win32
[debug] Node Version: v6.10.3
[debug] Time:         Wed May 17 2017 20:28:54 GMT+0900 (대한민국 표준시)
[debug] ----------------------------------------------------------------------
[debug] 
[debug] > command requires scopes: ["email","openid","https://www.googleapis.com/auth/cloudplatformprojects.readonly","https://www.googleapis.com/auth/firebase","https://www.googleapis.com/auth/cloud-platform"]
[debug] > refreshing access token with scopes: ["email","https://www.googleapis.com/auth/cloud-platform","https://www.googleapis.com/auth/cloudplatformprojects.readonly","https://www.googleapis.com/auth/firebase","openid"]
[debug] >>> HTTP REQUEST POST https://www.googleapis.com/oauth2/v3/token { refresh_token: '1/ehaY4_hon44gNbW4_jdKe5xZMDBVYPQgyeplXAj3EEUJ9GmqBsgPRXUB--gTEZGe',
  client_id: '563584335869-fgrhgmd47bqnekij5i8b5pr03ho849e6.apps.googleusercontent.com',
  client_secret: 'j9iVZfS8kkCEFUPaAeJV0sAi',
  grant_type: 'refresh_token',
  scope: 'email https://www.googleapis.com/auth/cloud-platform https://www.googleapis.com/auth/cloudplatformprojects.readonly https://www.googleapis.com/auth/firebase openid' } 
 Wed May 17 2017 20:28:54 GMT+0900 (대한민국 표준시)
[debug] <<< HTTP RESPONSE 200
[debug] >>> HTTP REQUEST GET https://admin.firebase.com/v1/projects/mymemo-2d3f9  
 Wed May 17 2017 20:28:55 GMT+0900 (대한민국 표준시)
[debug] <<< HTTP RESPONSE 200
[debug] >>> HTTP REQUEST GET https://admin.firebase.com/v1/database/mymemo-2d3f9/tokens  
 Wed May 17 2017 20:28:56 GMT+0900 (대한민국 표준시)
[debug] <<< HTTP RESPONSE 200
[info] 
[info] === Serving from 'C:\MyMemo'...
[info] 
[debug] >>> HTTP REQUEST GET https://cloudresourcemanager.googleapis.com/v1/projects/mymemo-2d3f9  
 Wed May 17 2017 20:28:57 GMT+0900 (대한민국 표준시)
[debug] <<< HTTP RESPONSE 200
[debug] >>> HTTP REQUEST GET https://mobilesdk-pa.googleapis.com/v1/projects/403020752709/clients/_:getWebAppConfig  
 Wed May 17 2017 20:28:58 GMT+0900 (대한민국 표준시)
[debug] <<< HTTP RESPONSE 200
[info] i  hosting: Serving hosting files from: public
[info] +  hosting: Local server: http://localhost:5000

